  UNKSOTracker2.0.cpp
c:\users\thiag\source\repos\unksotracker2.0\unksotracker2.0\unksotracker2.0.cpp(414): warning C4244: 'return': conversion from 'double' to 'int', possible loss of data
c:\users\thiag\source\repos\unksotracker2.0\unksotracker2.0\unksotracker2.0.cpp(716): warning C4018: '<': signed/unsigned mismatch
c:\users\thiag\source\repos\unksotracker2.0\unksotracker2.0\unksotracker2.0.cpp(616): warning C4101: 'e': unreferenced local variable
c:\users\thiag\source\repos\unksotracker2.0\unksotracker2.0\unksotracker2.0.cpp(645): warning C4101: 'e': unreferenced local variable
c:\users\thiag\source\repos\unksotracker2.0\unksotracker2.0\unksotracker2.0.cpp(711): warning C4101: 'e': unreferenced local variable
c:\users\thiag\source\repos\unksotracker2.0\unksotracker2.0\unksotracker2.0.cpp(1017): warning C4244: 'return': conversion from 'double' to 'int', possible loss of data
c:\users\thiag\source\repos\unksotracker2.0\unksotracker2.0\unksotracker2.0.cpp(1088): warning C4244: 'argument': conversion from 'double' to 'const float', possible loss of data
c:\users\thiag\source\repos\unksotracker2.0\unksotracker2.0\unksotracker2.0.cpp(1103): warning C4018: '<': signed/unsigned mismatch
c:\users\thiag\source\repos\unksotracker2.0\unksotracker2.0\unksotracker2.0.cpp(1110): warning C4018: '<': signed/unsigned mismatch
c:\users\thiag\source\repos\unksotracker2.0\unksotracker2.0\unksotracker2.0.cpp(1173): warning C4244: '=': conversion from 'double' to 'int', possible loss of data
c:\users\thiag\source\repos\unksotracker2.0\unksotracker2.0\unksotracker2.0.cpp(1194): warning C4018: '<': signed/unsigned mismatch
c:\users\thiag\source\repos\unksotracker2.0\unksotracker2.0\unksotracker2.0.cpp(1217): warning C4018: '<': signed/unsigned mismatch
c:\users\thiag\source\repos\unksotracker2.0\unksotracker2.0\unksotracker2.0.cpp(1219): warning C4018: '<': signed/unsigned mismatch
c:\users\thiag\source\repos\unksotracker2.0\unksotracker2.0\unksotracker2.0.cpp(1305): warning C4018: '<': signed/unsigned mismatch
c:\users\thiag\source\repos\unksotracker2.0\unksotracker2.0\unksotracker2.0.cpp(1354): warning C4244: 'argument': conversion from 'float' to 'const int', possible loss of data
c:\users\thiag\source\repos\unksotracker2.0\unksotracker2.0\unksotracker2.0.cpp(1524): warning C4244: 'return': conversion from 'float' to 'int', possible loss of data
c:\users\thiag\source\repos\unksotracker2.0\unksotracker2.0\unksotracker2.0.cpp(1581): warning C4018: '<': signed/unsigned mismatch
c:\users\thiag\source\repos\unksotracker2.0\unksotracker2.0\unksotracker2.0.cpp(1555): warning C4101: 'maxpoint': unreferenced local variable
c:\users\thiag\source\repos\unksotracker2.0\unksotracker2.0\unksotracker2.0.cpp(1585): warning C4101: 'e': unreferenced local variable
c:\users\thiag\source\repos\unksotracker2.0\unksotracker2.0\unksotracker2.0.cpp(1588): warning C4101: 'x': unreferenced local variable
c:\users\thiag\source\repos\unksotracker2.0\unksotracker2.0\unksotracker2.0.cpp(1632): warning C4018: '<': signed/unsigned mismatch
c:\users\thiag\source\repos\unksotracker2.0\unksotracker2.0\unksotracker2.0.cpp(1647): warning C4244: '=': conversion from 'double' to 'int', possible loss of data
c:\users\thiag\source\repos\unksotracker2.0\unksotracker2.0\unksotracker2.0.cpp(1742): warning C4018: '<': signed/unsigned mismatch
c:\users\thiag\source\repos\unksotracker2.0\unksotracker2.0\unksotracker2.0.cpp(1746): warning C4018: '<': signed/unsigned mismatch
c:\users\thiag\source\repos\unksotracker2.0\unksotracker2.0\unksotracker2.0.cpp(1787): warning C4244: 'argument': conversion from 'double' to 'const float', possible loss of data
c:\users\thiag\source\repos\unksotracker2.0\unksotracker2.0\unksotracker2.0.cpp(1832): warning C4018: '<': signed/unsigned mismatch
c:\users\thiag\source\repos\unksotracker2.0\unksotracker2.0\unksotracker2.0.cpp(1838): warning C4018: '<': signed/unsigned mismatch
c:\users\thiag\source\repos\unksotracker2.0\unksotracker2.0\unksotracker2.0.cpp(1888): warning C4018: '<': signed/unsigned mismatch
c:\users\thiag\source\repos\unksotracker2.0\unksotracker2.0\unksotracker2.0.cpp(1894): warning C4018: '<': signed/unsigned mismatch
c:\users\thiag\source\repos\unksotracker2.0\unksotracker2.0\unksotracker2.0.cpp(2003): warning C4101: 'e': unreferenced local variable
c:\users\thiag\source\repos\unksotracker2.0\unksotracker2.0\unksotracker2.0.cpp(2006): warning C4101: 'x': unreferenced local variable
c:\users\thiag\source\repos\unksotracker2.0\unksotracker2.0\unksotracker2.0.cpp(2031): warning C4018: '<': signed/unsigned mismatch
c:\users\thiag\source\repos\unksotracker2.0\unksotracker2.0\unksotracker2.0.cpp(2133): warning C4018: '<': signed/unsigned mismatch
c:\users\thiag\source\repos\unksotracker2.0\unksotracker2.0\unksotracker2.0.cpp(2156): warning C4018: '<': signed/unsigned mismatch
c:\users\thiag\source\repos\unksotracker2.0\unksotracker2.0\unksotracker2.0.cpp(2172): warning C4018: '<': signed/unsigned mismatch
c:\users\thiag\source\repos\unksotracker2.0\unksotracker2.0\unksotracker2.0.cpp(2186): warning C4018: '<': signed/unsigned mismatch
c:\users\thiag\source\repos\unksotracker2.0\unksotracker2.0\unksotracker2.0.cpp(2201): warning C4018: '<': signed/unsigned mismatch
c:\users\thiag\source\repos\unksotracker2.0\unksotracker2.0\unksotracker2.0.cpp(2204): warning C4244: 'argument': conversion from 'double' to 'int', possible loss of data
c:\users\thiag\source\repos\unksotracker2.0\unksotracker2.0\unksotracker2.0.cpp(2274): warning C4018: '<': signed/unsigned mismatch
c:\users\thiag\source\repos\unksotracker2.0\unksotracker2.0\unksotracker2.0.cpp(2324): warning C4018: '<': signed/unsigned mismatch
c:\users\thiag\source\repos\unksotracker2.0\unksotracker2.0\unksotracker2.0.cpp(2338): warning C4244: '=': conversion from 'double' to 'float', possible loss of data
c:\users\thiag\source\repos\unksotracker2.0\unksotracker2.0\unksotracker2.0.cpp(2351): warning C4244: '=': conversion from 'double' to 'float', possible loss of data
c:\users\thiag\source\repos\unksotracker2.0\unksotracker2.0\unksotracker2.0.cpp(2362): warning C4244: 'initializing': conversion from 'double' to 'float', possible loss of data
c:\users\thiag\source\repos\unksotracker2.0\unksotracker2.0\unksotracker2.0.cpp(2428): warning C4018: '<': signed/unsigned mismatch
c:\users\thiag\source\repos\unksotracker2.0\unksotracker2.0\unksotracker2.0.cpp(2497): warning C4018: '<': signed/unsigned mismatch
c:\users\thiag\source\repos\unksotracker2.0\unksotracker2.0\unksotracker2.0.cpp(2629): warning C4018: '<': signed/unsigned mismatch
c:\users\thiag\source\repos\unksotracker2.0\unksotracker2.0\unksotracker2.0.cpp(2635): warning C4018: '<': signed/unsigned mismatch
c:\users\thiag\source\repos\unksotracker2.0\unksotracker2.0\unksotracker2.0.cpp(2670): warning C4018: '<': signed/unsigned mismatch
c:\users\thiag\source\repos\unksotracker2.0\unksotracker2.0\unksotracker2.0.cpp(2709): warning C4018: '<': signed/unsigned mismatch
c:\users\thiag\source\repos\unksotracker2.0\unksotracker2.0\unksotracker2.0.cpp(2737): warning C4018: '<': signed/unsigned mismatch
c:\users\thiag\source\repos\unksotracker2.0\unksotracker2.0\unksotracker2.0.cpp(2741): warning C4101: 'e': unreferenced local variable
c:\users\thiag\source\repos\unksotracker2.0\unksotracker2.0\unksotracker2.0.cpp(2744): warning C4101: 'x': unreferenced local variable
c:\users\thiag\source\repos\unksotracker2.0\unksotracker2.0\unksotracker2.0.cpp(2821): warning C4018: '>': signed/unsigned mismatch
c:\users\thiag\source\repos\unksotracker2.0\unksotracker2.0\unksotracker2.0.cpp(3017): warning C4018: '<': signed/unsigned mismatch
c:\users\thiag\source\repos\unksotracker2.0\unksotracker2.0\unksotracker2.0.cpp(3023): warning C4018: '<': signed/unsigned mismatch
c:\users\thiag\source\repos\unksotracker2.0\unksotracker2.0\unksotracker2.0.cpp(3029): warning C4018: '<': signed/unsigned mismatch
c:\users\thiag\source\repos\unksotracker2.0\unksotracker2.0\unksotracker2.0.cpp(3044): warning C4018: '<': signed/unsigned mismatch
c:\users\thiag\source\repos\unksotracker2.0\unksotracker2.0\unksotracker2.0.cpp(3093): warning C4018: '<': signed/unsigned mismatch
c:\users\thiag\source\repos\unksotracker2.0\unksotracker2.0\unksotracker2.0.cpp(3104): warning C4018: '<': signed/unsigned mismatch
c:\users\thiag\source\repos\unksotracker2.0\unksotracker2.0\unksotracker2.0.cpp(3115): warning C4018: '<': signed/unsigned mismatch
c:\users\thiag\source\repos\unksotracker2.0\unksotracker2.0\unksotracker2.0.cpp(3418): warning C4018: '<': signed/unsigned mismatch
c:\users\thiag\source\repos\unksotracker2.0\unksotracker2.0\unksotracker2.0.cpp(3437): warning C4018: '<': signed/unsigned mismatch
c:\users\thiag\source\repos\unksotracker2.0\unksotracker2.0\unksotracker2.0.cpp(54): warning C4018: '<': signed/unsigned mismatch
  c:\users\thiag\source\repos\unksotracker2.0\unksotracker2.0\unksotracker2.0.cpp(3126): note: see reference to function template instantiation 'double utilities::branchperfcalculator<std::vector<BF1::BF1Tracker *,std::allocator<_Ty>>>(T)' being compiled
          with
          [
              _Ty=BF1::BF1Tracker *,
              T=std::vector<BF1::BF1Tracker *,std::allocator<BF1::BF1Tracker *>>
          ]
c:\users\thiag\source\repos\unksotracker2.0\unksotracker2.0\unksotracker2.0.cpp(61): warning C4244: 'initializing': conversion from 'double' to 'int', possible loss of data
c:\users\thiag\source\repos\unksotracker2.0\unksotracker2.0\unksotracker2.0.cpp(66): warning C4018: '<': signed/unsigned mismatch
c:\program files (x86)\microsoft visual studio\2017\community\vc\tools\msvc\14.12.25827\include\utility(234): warning C4244: 'initializing': conversion from 'double' to 'float', possible loss of data
  c:\program files (x86)\microsoft visual studio\2017\community\vc\tools\msvc\14.12.25827\include\xmemory0(943): note: see reference to function template instantiation 'std::pair<const _Kty,_Ty>::pair<std::basic_string<char,std::char_traits<char>,std::allocator<char>>,double,0>(std::pair<std::basic_string<char,std::char_traits<char>,std::allocator<char>>,double> &&) noexcept' being compiled
          with
          [
              _Kty=std::string,
              _Ty=float
          ]
  c:\program files (x86)\microsoft visual studio\2017\community\vc\tools\msvc\14.12.25827\include\xmemory0(945): note: see reference to function template instantiation 'std::pair<const _Kty,_Ty>::pair<std::basic_string<char,std::char_traits<char>,std::allocator<char>>,double,0>(std::pair<std::basic_string<char,std::char_traits<char>,std::allocator<char>>,double> &&) noexcept' being compiled
          with
          [
              _Kty=std::string,
              _Ty=float
          ]
  c:\program files (x86)\microsoft visual studio\2017\community\vc\tools\msvc\14.12.25827\include\xtree(766): note: see reference to function template instantiation 'void std::_Default_allocator_traits<_Alloc>::construct<_Ty,std::pair<std::basic_string<char,std::char_traits<char>,std::allocator<char>>,double>>(_Alloc &,_Objty *const ,std::pair<std::basic_string<char,std::char_traits<char>,std::allocator<char>>,double> &&)' being compiled
          with
          [
              _Alloc=std::allocator<std::_Tree_node<std::pair<const std::string,float>,std::_Default_allocator_traits<std::allocator<std::pair<const std::string,float>>>::void_pointer>>,
              _Ty=std::pair<const std::string,float>,
              _Objty=std::pair<const std::string,float>
          ]
  c:\program files (x86)\microsoft visual studio\2017\community\vc\tools\msvc\14.12.25827\include\xtree(773): note: see reference to function template instantiation 'void std::_Default_allocator_traits<_Alloc>::construct<_Ty,std::pair<std::basic_string<char,std::char_traits<char>,std::allocator<char>>,double>>(_Alloc &,_Objty *const ,std::pair<std::basic_string<char,std::char_traits<char>,std::allocator<char>>,double> &&)' being compiled
          with
          [
              _Alloc=std::allocator<std::_Tree_node<std::pair<const std::string,float>,std::_Default_allocator_traits<std::allocator<std::pair<const std::string,float>>>::void_pointer>>,
              _Ty=std::pair<const std::string,float>,
              _Objty=std::pair<const std::string,float>
          ]
  c:\program files (x86)\microsoft visual studio\2017\community\vc\tools\msvc\14.12.25827\include\xtree(961): note: see reference to function template instantiation 'std::_Tree_node<_Ty,std::_Default_allocator_traits<_Alloc>::void_pointer> *std::_Tree_comp_alloc<_Traits>::_Buynode<std::pair<std::basic_string<char,std::char_traits<char>,std::allocator<char>>,double>>(std::pair<std::basic_string<char,std::char_traits<char>,std::allocator<char>>,double> &&)' being compiled
          with
          [
              _Ty=std::pair<const std::string,float>,
              _Alloc=std::allocator<std::pair<const std::string,float>>,
              _Traits=std::_Tmap_traits<std::string,float,std::less<std::string>,std::allocator<std::pair<const std::string,float>>,false>
          ]
  c:\program files (x86)\microsoft visual studio\2017\community\vc\tools\msvc\14.12.25827\include\xtree(962): note: see reference to function template instantiation 'std::_Tree_node<_Ty,std::_Default_allocator_traits<_Alloc>::void_pointer> *std::_Tree_comp_alloc<_Traits>::_Buynode<std::pair<std::basic_string<char,std::char_traits<char>,std::allocator<char>>,double>>(std::pair<std::basic_string<char,std::char_traits<char>,std::allocator<char>>,double> &&)' being compiled
          with
          [
              _Ty=std::pair<const std::string,float>,
              _Alloc=std::allocator<std::pair<const std::string,float>>,
              _Traits=std::_Tmap_traits<std::string,float,std::less<std::string>,std::allocator<std::pair<const std::string,float>>,false>
          ]
  c:\program files (x86)\microsoft visual studio\2017\community\vc\tools\msvc\14.12.25827\include\map(208): note: see reference to function template instantiation 'std::pair<std::_Tree_iterator<std::_Tree_val<std::_Tree_simple_types<_Ty>>>,bool> std::_Tree<std::_Tmap_traits<_Kty,float,_Pr,_Alloc,false>>::emplace<std::pair<std::basic_string<char,std::char_traits<char>,std::allocator<char>>,double>>(std::pair<std::basic_string<char,std::char_traits<char>,std::allocator<char>>,double> &&)' being compiled
          with
          [
              _Ty=std::pair<const std::string,float>,
              _Kty=std::string,
              _Pr=std::less<std::string>,
              _Alloc=std::allocator<std::pair<const std::string,float>>
          ]
  c:\program files (x86)\microsoft visual studio\2017\community\vc\tools\msvc\14.12.25827\include\map(208): note: see reference to function template instantiation 'std::pair<std::_Tree_iterator<std::_Tree_val<std::_Tree_simple_types<_Ty>>>,bool> std::_Tree<std::_Tmap_traits<_Kty,float,_Pr,_Alloc,false>>::emplace<std::pair<std::basic_string<char,std::char_traits<char>,std::allocator<char>>,double>>(std::pair<std::basic_string<char,std::char_traits<char>,std::allocator<char>>,double> &&)' being compiled
          with
          [
              _Ty=std::pair<const std::string,float>,
              _Kty=std::string,
              _Pr=std::less<std::string>,
              _Alloc=std::allocator<std::pair<const std::string,float>>
          ]
  c:\users\thiag\source\repos\unksotracker2.0\unksotracker2.0\unksotracker2.0.cpp(1266): note: see reference to function template instantiation 'std::pair<std::_Tree_iterator<std::_Tree_val<std::_Tree_simple_types<_Ty>>>,bool> std::map<std::string,float,std::less<_Kty>,std::allocator<_Ty>>::insert<std::pair<std::basic_string<char,std::char_traits<char>,std::allocator<char>>,double>,void>(_Valty &&)' being compiled
          with
          [
              _Ty=std::pair<const std::string,float>,
              _Kty=std::string,
              _Valty=std::pair<std::basic_string<char,std::char_traits<char>,std::allocator<char>>,double>
          ]
  c:\users\thiag\source\repos\unksotracker2.0\unksotracker2.0\unksotracker2.0.cpp(1266): note: see reference to function template instantiation 'std::pair<std::_Tree_iterator<std::_Tree_val<std::_Tree_simple_types<_Ty>>>,bool> std::map<std::string,float,std::less<_Kty>,std::allocator<_Ty>>::insert<std::pair<std::basic_string<char,std::char_traits<char>,std::allocator<char>>,double>,void>(_Valty &&)' being compiled
          with
          [
              _Ty=std::pair<const std::string,float>,
              _Kty=std::string,
              _Valty=std::pair<std::basic_string<char,std::char_traits<char>,std::allocator<char>>,double>
          ]
c:\users\thiag\source\repos\unksotracker2.0\unksotracker2.0\unksotracker2.0.cpp(2473): warning C4715: 'Raptor::Synchronizer::exporter': not all control paths return a value
c:\users\thiag\source\repos\unksotracker2.0\unksotracker2.0\unksotracker2.0.cpp(2315): warning C4715: 'Raptor::Engine::exporter': not all control paths return a value
c:\users\thiag\source\repos\unksotracker2.0\unksotracker2.0\unksotracker2.0.cpp(3399): warning C4715: 'Interface::check_player': not all control paths return a value
c:\users\thiag\source\repos\unksotracker2.0\unksotracker2.0\unksotracker2.0.cpp(2244): warning C4715: 'Raptor::Engine::regionfinder': not all control paths return a value
  UNKSOTracker2.0.vcxproj -> C:\Users\thiag\source\repos\UNKSOTracker2.0\Debug\UNKSOTracker2.0.exe
